d:\wearestudingvsc++\dima's game\thrgame\thrgame\debug\vc142.pdb
d:\wearestudingvsc++\dima's game\thrgame\thrgame\debug\.netframework,version=v4.6.1.assemblyattributes.obj
d:\wearestudingvsc++\dima's game\thrgame\thrgame\debug\myform.obj
d:\wearestudingvsc++\dima's game\thrgame\debug\thrgame.exe
d:\wearestudingvsc++\dima's game\thrgame\debug\thrgame.pdb
d:\wearestudingvsc++\dima's game\thrgame\thrgame\debug\thrgame.imagesforproject.resources
d:\wearestudingvsc++\dima's game\thrgame\thrgame\debug\thrgame.myform.resources
d:\wearestudingvsc++\dima's game\thrgame\thrgame\debug\thrgame.options.resources
d:\wearestudingvsc++\dima's game\thrgame\thrgame\debug\thrgame.petname.resources
d:\wearestudingvsc++\dima's game\thrgame\thrgame\debug\thrgame.aboutgame.resources
d:\wearestudingvsc++\dima's game\thrgame\thrgame\debug\thrgame.vcxproj.assemblyreference.cache
d:\wearestudingvsc++\dima's game\thrgame\thrgame\debug\thrgame.tlog\cl.command.1.tlog
d:\wearestudingvsc++\dima's game\thrgame\thrgame\debug\thrgame.tlog\cl.read.1.tlog
d:\wearestudingvsc++\dima's game\thrgame\thrgame\debug\thrgame.tlog\cl.write.1.tlog
d:\wearestudingvsc++\dima's game\thrgame\thrgame\debug\thrgame.tlog\link.11600.delete.1.tlog
d:\wearestudingvsc++\dima's game\thrgame\thrgame\debug\thrgame.tlog\link.11820.delete.1.tlog
d:\wearestudingvsc++\dima's game\thrgame\thrgame\debug\thrgame.tlog\link.12512.delete.1.tlog
d:\wearestudingvsc++\dima's game\thrgame\thrgame\debug\thrgame.tlog\link.13912.delete.1.tlog
d:\wearestudingvsc++\dima's game\thrgame\thrgame\debug\thrgame.tlog\link.15884.delete.1.tlog
d:\wearestudingvsc++\dima's game\thrgame\thrgame\debug\thrgame.tlog\link.16232.delete.1.tlog
d:\wearestudingvsc++\dima's game\thrgame\thrgame\debug\thrgame.tlog\link.16548.delete.1.tlog
d:\wearestudingvsc++\dima's game\thrgame\thrgame\debug\thrgame.tlog\link.16924.delete.1.tlog
d:\wearestudingvsc++\dima's game\thrgame\thrgame\debug\thrgame.tlog\link.16972.delete.1.tlog
d:\wearestudingvsc++\dima's game\thrgame\thrgame\debug\thrgame.tlog\link.17328.delete.1.tlog
d:\wearestudingvsc++\dima's game\thrgame\thrgame\debug\thrgame.tlog\link.18184.delete.1.tlog
d:\wearestudingvsc++\dima's game\thrgame\thrgame\debug\thrgame.tlog\link.18224.delete.1.tlog
d:\wearestudingvsc++\dima's game\thrgame\thrgame\debug\thrgame.tlog\link.18268.delete.1.tlog
d:\wearestudingvsc++\dima's game\thrgame\thrgame\debug\thrgame.tlog\link.3032.delete.1.tlog
d:\wearestudingvsc++\dima's game\thrgame\thrgame\debug\thrgame.tlog\link.3464.delete.1.tlog
d:\wearestudingvsc++\dima's game\thrgame\thrgame\debug\thrgame.tlog\link.3824.delete.1.tlog
d:\wearestudingvsc++\dima's game\thrgame\thrgame\debug\thrgame.tlog\link.8948.delete.1.tlog
d:\wearestudingvsc++\dima's game\thrgame\thrgame\debug\thrgame.tlog\link.command.1.tlog
d:\wearestudingvsc++\dima's game\thrgame\thrgame\debug\thrgame.tlog\link.read.1.tlog
d:\wearestudingvsc++\dima's game\thrgame\thrgame\debug\thrgame.tlog\link.write.1.tlog
d:\wearestudingvsc++\dima's game\thrgame\thrgame\debug\thrgame.tlog\metagen.read.1.tlog
d:\wearestudingvsc++\dima's game\thrgame\thrgame\debug\thrgame.tlog\metagen.write.1.tlog
d:\wearestudingvsc++\dima's game\thrgame\thrgame\debug\thrgame.tlog\thrgame.write.1u.tlog
d:\wearestudingvsc++\dima's game\thrgame\thrgame\debug\thrgame.tlog\avsspc.dll.bi
